<?xml version="1.0" encoding="UTF-8"?>
<!-- Generated by org.testng.reporters.JUnitReportReporter -->
<testsuite hostname="DESKTOP-17GPV14" failures="0" tests="2" name="Test.secondTest" time="0.021" errors="0" timestamp="2023-06-15T11:47:58 IST" skipped="0">
  <testcase classname="Test.secondTest" name="firstClass1" time="0.010"/>
  <system-out/>
  <testcase classname="Test.secondTest" name="firstClass2" time="0.011"/>
  <system-out/>
</testsuite> <!-- Test.secondTest -->
