<?xml version="1.0" encoding="UTF-8"?>
<!-- Generated by org.testng.reporters.JUnitReportReporter -->
<testsuite hostname="DESKTOP-17GPV14" failures="0" tests="2" name="Test.thirdTest" time="0.010" errors="0" timestamp="2023-06-15T11:47:58 IST" skipped="0">
  <testcase classname="Test.thirdTest" name="secondClass2" time="0.005"/>
  <system-out/>
  <testcase classname="Test.thirdTest" name="secondClass1" time="0.005"/>
  <system-out/>
</testsuite> <!-- Test.thirdTest -->
