<?xml version="1.0" encoding="UTF-8"?>
<!-- Generated by org.testng.reporters.JUnitReportReporter -->
<testsuite hostname="DESKTOP-17GPV14" failures="0" tests="6" name="Test.fourthTest" time="0.051" errors="0" timestamp="2023-06-15T11:47:58 IST" skipped="0">
  <testcase classname="Test.fourthTest" name="firstFloor" time="0.004"/>
  <system-out/>
  <testcase classname="Test.fourthTest" name="secondFloor3" time="0.008"/>
  <system-out/>
  <testcase classname="Test.fourthTest" name="secondFloor1" time="0.005"/>
  <system-out/>
  <testcase classname="Test.fourthTest" name="thirdFloor" time="0.022"/>
  <system-out/>
  <testcase classname="Test.fourthTest" name="secondFloor2" time="0.007"/>
  <system-out/>
  <testcase classname="Test.fourthTest" name="secondFloor" time="0.005"/>
  <system-out/>
</testsuite> <!-- Test.fourthTest -->
