<?xml version="1.0" encoding="UTF-8"?>
<!-- Generated by org.testng.reporters.JUnitReportReporter -->
<testsuite hostname="DESKTOP-17GPV14" failures="0" tests="3" name="Test.firstTest" time="0.038" errors="0" timestamp="2023-06-15T11:47:58 IST" skipped="0">
  <testcase classname="Test.firstTest" name="thirdClass" time="0.005"/>
  <system-out/>
  <testcase classname="Test.firstTest" name="firstClass" time="0.028"/>
  <system-out/>
  <testcase classname="Test.firstTest" name="secondClass" time="0.005"/>
  <system-out/>
</testsuite> <!-- Test.firstTest -->
