<?xml version="1.0" encoding="UTF-8"?>
<!-- Generated by org.testng.reporters.JUnitReportReporter -->
<testsuite hostname="DESKTOP-17GPV14" failures="0" tests="2" name="Selenium.test" time="0.072" errors="0" timestamp="2023-05-22T18:28:46 IST" skipped="0">
  <testcase classname="Selenium.test" name="demo1" time="0.010"/>
  <system-out/>
  <testcase classname="Selenium.test" name="Demo" time="0.062"/>
  <system-out/>
</testsuite> <!-- Selenium.test -->
