<?xml version="1.0" encoding="UTF-8"?>
<!-- Generated by org.testng.reporters.JUnitReportReporter -->
<testsuite hostname="DESKTOP-17GPV14" failures="0" tests="1" name="SeleniumtestNG.asd" time="0.027" errors="0" timestamp="2023-05-24T16:39:30 IST" skipped="0">
  <testcase classname="SeleniumtestNG.asd" name="method" time="0.027"/>
  <system-out/>
</testsuite> <!-- SeleniumtestNG.asd -->
