<?xml version="1.0" encoding="UTF-8"?>
<!-- Generated by org.testng.reporters.JUnitReportReporter -->
<testsuite hostname="DESKTOP-17GPV14" failures="0" tests="2" name="SeleniumtestNG.asd1" time="0.034" errors="0" timestamp="2023-05-24T16:55:41 IST" skipped="0">
  <testcase classname="SeleniumtestNG.asd1" name="method" time="0.024"/>
  <system-out/>
  <testcase classname="SeleniumtestNG.asd1" name="mm" time="0.010"/>
  <system-out/>
</testsuite> <!-- SeleniumtestNG.asd1 -->
