<?xml version="1.0" encoding="UTF-8"?>
<!-- Generated by org.testng.reporters.JUnitReportReporter -->
<testsuite hostname="DESKTOP-17GPV14" failures="0" tests="3" name="SeleniumtestNG.Bank1" time="0.076" errors="0" timestamp="2023-05-23T10:23:27 IST" skipped="1">
  <testcase classname="SeleniumtestNG.Bank1" name="personalloan" time="0.052"/>
  <system-out/>
  <testcase classname="SeleniumtestNG.Bank1" name="savingAccount" time="0.024"/>
  <system-out/>
  <testcase classname="SeleniumtestNG.Bank1" name="carloan">
    <skipped/>
  </testcase> <!-- carloan -->
  <system-out/>
</testsuite> <!-- SeleniumtestNG.Bank1 -->
